<?xml version="1.0" encoding="UTF-8"?>
<!-- Generated by org.testng.reporters.JUnitXMLReporter -->
<testsuite ignored="0" hostname="LAPTOP-D60TQTDK" failures="1" tests="1" name="testngTest" time="6.088" errors="0" timestamp="2021-08-11T08:14:38 MST">
  <testcase classname="test.Vefication" name="testAsprionAPI" time="0.005">
    <failure type="java.lang.Error" message="Unresolved compilation problem: 
	The method given() is undefined for the type Aspiron
">
      <![CDATA[java.lang.Error: Unresolved compilation problem: 
The method given() is undefined for the type Aspiron

at pages.Aspiron.verfiyAPI(Aspiron.java:101)
at test.Vefication.testAsprionAPI(Vefication.java:63)
at java.base/java.util.ArrayList.forEach(ArrayList.java:1511)
... Removed 27 stack frames]]>
    </failure>
  </testcase> <!-- testAsprionAPI -->
</testsuite> <!-- testngTest -->
